<?xml version="1.0" encoding="UTF-8"?>
<!-- Generated by org.testng.reporters.JUnitReportReporter -->
<testsuite hostname="obaidulla.lan" failures="0" tests="1" name="com.bit.obaidulla.lastProject.common.Base" time="2.577" errors="0" timestamp="16 Oct 2018 20:19:37 GMT" skipped="0">
  <testcase classname="com.bit.obaidulla.lastProject.common.Base" name="test1" time="2.577"/>
</testsuite> <!-- com.bit.obaidulla.lastProject.common.Base -->
