<?xml version="1.0" encoding="UTF-8"?>
<!-- Generated by org.testng.reporters.JUnitReportReporter -->
<testsuite hostname="obaidulla.lan" failures="0" tests="1" name="com.bit.obaidulla.lastProject.base.Browser" time="10.469" errors="1" timestamp="16 Oct 2018 19:30:09 GMT" skipped="0">
  <testcase classname="com.bit.obaidulla.lastProject.base.Browser" name="openBrowser" time="10.469">
    <error message="Error communicating with the remote browser. It may have died.
Build info: version: &#039;2.53.0&#039;, revision: &#039;35ae25b1534ae328c771e0856c93e187490ca824&#039;, time: &#039;2016-03-15 10:43:46&#039;
System info: host: &#039;obaidulla.lan&#039;, ip: &#039;192.168.86.41&#039;, os.name: &#039;Mac OS X&#039;, os.arch: &#039;x86_64&#039;, os.version: &#039;10.12.6&#039;, java.version: &#039;9.0.1&#039;
Driver info: driver.version: RemoteWebDriver
Capabilities [{applicationCacheEnabled=true, rotatable=false, handlesAlerts=true, databaseEnabled=true, version=45.0.1, platform=MAC, nativeEvents=false, acceptSslCerts=true, webStorageEnabled=true, locationContextEnabled=true, browserName=firefox, takesScreenshot=true, javascriptEnabled=true, cssSelectorsEnabled=true}]
Session ID: 53aac483-5121-6042-8e9b-a57935964f4f" type="org.openqa.selenium.remote.UnreachableBrowserException">
      <![CDATA[org.openqa.selenium.remote.UnreachableBrowserException: Error communicating with the remote browser. It may have died.Build info: version: '2.53.0', revision: '35ae25b1534ae328c771e0856c93e187490ca824', time: '2016-03-15 10:43:46'System info: host: 'obaidulla.lan', ip: '192.168.86.41', os.name: 'Mac OS X', os.arch: 'x86_64', os.version: '10.12.6', java.version: '9.0.1'Driver info: driver.version: RemoteWebDriverCapabilities [{applicationCacheEnabled=true, rotatable=false, handlesAlerts=true, databaseEnabled=true, version=45.0.1, platform=MAC, nativeEvents=false, acceptSslCerts=true, webStorageEnabled=true, locationContextEnabled=true, browserName=firefox, takesScreenshot=true, javascriptEnabled=true, cssSelectorsEnabled=true}]Session ID: 53aac483-5121-6042-8e9b-a57935964f4fat org.openqa.selenium.remote.RemoteWebDriver.execute(RemoteWebDriver.java:665)at org.openqa.selenium.remote.RemoteWebDriver.get(RemoteWebDriver.java:316)at com.bit.obaidulla.lastProject.base.Browser.openBrowser(Browser.java:19)at java.base/jdk.internal.reflect.NativeMethodAccessorImpl.invoke0(Native Method)at java.base/jdk.internal.reflect.NativeMethodAccessorImpl.invoke(NativeMethodAccessorImpl.java:62)at java.base/jdk.internal.reflect.DelegatingMethodAccessorImpl.invoke(DelegatingMethodAccessorImpl.java:43)at java.base/java.lang.reflect.Method.invoke(Method.java:564)at org.testng.internal.MethodInvocationHelper.invokeMethod(MethodInvocationHelper.java:124)at org.testng.internal.Invoker.invokeMethod(Invoker.java:571)at org.testng.internal.Invoker.invokeTestMethod(Invoker.java:707)at org.testng.internal.Invoker.invokeTestMethods(Invoker.java:979)at org.testng.internal.TestMethodWorker.invokeTestMethods(TestMethodWorker.java:125)at org.testng.internal.TestMethodWorker.run(TestMethodWorker.java:109)at org.testng.TestRunner.privateRun(TestRunner.java:648)at org.testng.TestRunner.run(TestRunner.java:505)at org.testng.SuiteRunner.runTest(SuiteRunner.java:455)at org.testng.SuiteRunner.runSequentially(SuiteRunner.java:450)at org.testng.SuiteRunner.privateRun(SuiteRunner.java:415)at org.testng.SuiteRunner.run(SuiteRunner.java:364)at org.testng.SuiteRunnerWorker.runSuite(SuiteRunnerWorker.java:52)at org.testng.SuiteRunnerWorker.run(SuiteRunnerWorker.java:84)at org.testng.TestNG.runSuitesSequentially(TestNG.java:1187)at org.testng.TestNG.runSuitesLocally(TestNG.java:1116)at org.testng.TestNG.runSuites(TestNG.java:1028)at org.testng.TestNG.run(TestNG.java:996)at org.testng.remote.AbstractRemoteTestNG.run(AbstractRemoteTestNG.java:114)at org.testng.remote.RemoteTestNG.initAndRun(RemoteTestNG.java:251)at org.testng.remote.RemoteTestNG.main(RemoteTestNG.java:77)Caused by: org.apache.http.conn.HttpHostConnectException: Connect to 127.0.0.1:7057 [/127.0.0.1] failed: Connection refused (Connection refused)at org.apache.http.impl.conn.DefaultHttpClientConnectionOperator.connect(DefaultHttpClientConnectionOperator.java:151)at org.apache.http.impl.conn.PoolingHttpClientConnectionManager.connect(PoolingHttpClientConnectionManager.java:353)at org.apache.http.impl.execchain.MainClientExec.establishRoute(MainClientExec.java:380)at org.apache.http.impl.execchain.MainClientExec.execute(MainClientExec.java:236)at org.apache.http.impl.execchain.ProtocolExec.execute(ProtocolExec.java:184)at org.apache.http.impl.execchain.RetryExec.execute(RetryExec.java:88)at org.apache.http.impl.execchain.RedirectExec.execute(RedirectExec.java:110)at org.apache.http.impl.client.InternalHttpClient.doExecute(InternalHttpClient.java:184)at org.apache.http.impl.client.CloseableHttpClient.execute(CloseableHttpClient.java:71)at org.apache.http.impl.client.CloseableHttpClient.execute(CloseableHttpClient.java:55)at org.openqa.selenium.remote.internal.ApacheHttpClient.fallBackExecute(ApacheHttpClient.java:162)at org.openqa.selenium.remote.internal.ApacheHttpClient.execute(ApacheHttpClient.java:90)at org.openqa.selenium.remote.HttpCommandExecutor.execute(HttpCommandExecutor.java:142)at org.openqa.selenium.firefox.internal.NewProfileExtensionConnection.execute(NewProfileExtensionConnection.java:160)at org.openqa.selenium.firefox.FirefoxDriver$LazyCommandExecutor.execute(FirefoxDriver.java:380)at org.openqa.selenium.remote.RemoteWebDriver.execute(RemoteWebDriver.java:644)... 27 moreCaused by: java.net.ConnectException: Connection refused (Connection refused)at java.base/java.net.PlainSocketImpl.socketConnect(Native Method)at java.base/java.net.AbstractPlainSocketImpl.doConnect(AbstractPlainSocketImpl.java:400)at java.base/java.net.AbstractPlainSocketImpl.connectToAddress(AbstractPlainSocketImpl.java:243)at java.base/java.net.AbstractPlainSocketImpl.connect(AbstractPlainSocketImpl.java:225)at java.base/java.net.SocksSocketImpl.connect(SocksSocketImpl.java:402)at java.base/java.net.Socket.connect(Socket.java:591)at org.apache.http.conn.socket.PlainConnectionSocketFactory.connectSocket(PlainConnectionSocketFactory.java:74)at org.apache.http.impl.conn.DefaultHttpClientConnectionOperator.connect(DefaultHttpClientConnectionOperator.java:134)... 42 more]]>
    </error>
  </testcase> <!-- openBrowser -->
</testsuite> <!-- com.bit.obaidulla.lastProject.base.Browser -->
